# JRE version: OpenJDK Runtime Environment (11.0.4+11) (build 11.0.4+11-post-Ubuntu-1ubuntu218.04.3)
# Java VM: OpenJDK 64-Bit Server VM (11.0.4+11-post-Ubuntu-1ubuntu218.04.3, mixed mode, sharing, tiered, compressed oops, g1 gc, linux-amd64)
Heap:
 garbage-first heap   total 557056K, used 76646K [0x00000000c0000000, 0x0000000100000000)
  region size 1024K, 2 young (2048K), 2 survivors (2048K)
 Metaspace       used 40566K, capacity 42943K, committed 43136K, reserved 1087488K
  class space    used 4322K, capacity 5217K, committed 5248K, reserved 1048576K
GC Heap History (10 events):
Event: 39,710 GC heap after
{Heap after GC invocations=20 (full 0):
 garbage-first heap   total 115712K, used 65177K [0x00000000c0000000, 0x0000000100000000)
  region size 1024K, 4 young (4096K), 4 survivors (4096K)
 Metaspace       used 40536K, capacity 42932K, committed 43136K, reserved 1087488K
  class space    used 4317K, capacity 5216K, committed 5248K, reserved 1048576K
}
Event: 40,164 GC heap before
{Heap before GC invocations=20 (full 0):
 garbage-first heap   total 115712K, used 91801K [0x00000000c0000000, 0x0000000100000000)
  region size 1024K, 31 young (31744K), 4 survivors (4096K)
 Metaspace       used 40551K, capacity 42936K, committed 43136K, reserved 1087488K
  class space    used 4319K, capacity 5216K, committed 5248K, reserved 1048576K
}
Event: 40,263 GC heap after
{Heap after GC invocations=21 (full 0):
 garbage-first heap   total 229376K, used 68273K [0x00000000c0000000, 0x0000000100000000)
  region size 1024K, 4 young (4096K), 4 survivors (4096K)
 Metaspace       used 40551K, capacity 42936K, committed 43136K, reserved 1087488K
  class space    used 4319K, capacity 5216K, committed 5248K, reserved 1048576K
}
Event: 41,450 GC heap before
{Heap before GC invocations=22 (full 0):
 garbage-first heap   total 229376K, used 95921K [0x00000000c0000000, 0x0000000100000000)
  region size 1024K, 29 young (29696K), 4 survivors (4096K)
 Metaspace       used 40558K, capacity 42939K, committed 43136K, reserved 1087488K
  class space    used 4320K, capacity 5217K, committed 5248K, reserved 1048576K
}
Event: 43,665 GC heap after
{Heap after GC invocations=23 (full 0):
 garbage-first heap   total 229376K, used 73636K [0x00000000c0000000, 0x0000000100000000)
  region size 1024K, 4 young (4096K), 4 survivors (4096K)
 Metaspace       used 40558K, capacity 42939K, committed 43136K, reserved 1087488K
  class space    used 4320K, capacity 5217K, committed 5248K, reserved 1048576K
}
Event: 47,600 GC heap before
{Heap before GC invocations=23 (full 0):
 garbage-first heap   total 229376K, used 80804K [0x00000000c0000000, 0x0000000100000000)
  region size 1024K, 11 young (11264K), 4 survivors (4096K)
 Metaspace       used 40559K, capacity 42939K, committed 43136K, reserved 1087488K
  class space    used 4320K, capacity 5217K, committed 5248K, reserved 1048576K
}
Event: 48,009 GC heap after
{Heap after GC invocations=24 (full 0):
 garbage-first heap   total 229376K, used 74659K [0x00000000c0000000, 0x0000000100000000)
  region size 1024K, 1 young (1024K), 1 survivors (1024K)
 Metaspace       used 40559K, capacity 42939K, committed 43136K, reserved 1087488K
  class space    used 4320K, capacity 5217K, committed 5248K, reserved 1048576K
}
Event: 51,152 GC heap before
{Heap before GC invocations=24 (full 0):
 garbage-first heap   total 229376K, used 84899K [0x00000000c0000000, 0x0000000100000000)
  region size 1024K, 11 young (11264K), 1 survivors (1024K)
 Metaspace       used 40564K, capacity 42939K, committed 43136K, reserved 1087488K
  class space    used 4321K, capacity 5217K, committed 5248K, reserved 1048576K
}
Event: 51,651 GC heap after
{Heap after GC invocations=25 (full 0):
 garbage-first heap   total 229376K, used 75556K [0x00000000c0000000, 0x0000000100000000)
  region size 1024K, 2 young (2048K), 2 survivors (2048K)
 Metaspace       used 40564K, capacity 42939K, committed 43136K, reserved 1087488K
  class space    used 4321K, capacity 5217K, committed 5248K, reserved 1048576K
}
Event: 52,592 GC heap before
{Heap before GC invocations=25 (full 0):
 garbage-first heap   total 229376K, used 84772K [0x00000000c0000000, 0x0000000100000000)
  region size 1024K, 11 young (11264K), 2 survivors (2048K)
 Metaspace       used 40566K, capacity 42943K, committed 43136K, reserved 1087488K
  class space    used 4322K, capacity 5217K, committed 5248K, reserved 1048576K
}

